<?xml version="1.0" encoding="UTF-8"?>

<beans xmlns="http://www.springframework.org/schema/beans" 
        xmlns:xsi="http://www.w3.org/2001/XMLSchema-instance" 
        xsi:schemaLocation="http://www.springframework.org/schema/beans 
        http://www.springframework.org/schema/beans/spring-beans-2.5.xsd"> 

    <!-- the test application context definition for the jdbc based tests --> 
    <bean id="jdbcTemplate" class="org.springframework.jdbc.core.JdbcTemplate">
        <property name="dataSource" ref="dataSource" />
    </bean>
    
    <bean id="productDao" class="com.springapp.repository.JdbcProductDao">
        <property name="jdbcTemplate" ref="jdbcTemplate" />
    </bean>

    <bean id="productManager" class="com.springapp.service.SimpleProductManager">
         <property name="productDAO" ref="productDao"/>   
    </bean>
    
    <bean id="messageSource" class="org.springframework.context.support.ResourceBundleMessageSource">
        <property name="basename" value="messages"/>
    </bean>

    <bean id="dataSource" class="org.springframework.jdbc.datasource.DriverManagerDataSource">
      <property name="driverClassName" value="${db.driverClassName}"/>
      <property name="url" value="${db.url}"/>
      <property name="username"  value="${db.user}"/>
      <property name="password" value="${db.pw}"/>
    </bean>
    <bean id="propertyConfigurer" 
          class="org.springframework.beans.factory.config.PropertyPlaceholderConfigurer">
        <property name="locations">
            <list>
                <value>classpath:jdbc.properties</value>
            </list>
        </property>
    </bean>
    
    <bean id="transactionManager" 
          class="org.springframework.jdbc.datasource.DataSourceTransactionManager">
        <property name="dataSource" ref="dataSource" />
    </bean>

</beans>